<?xml version="1.0" encoding="UTF-8"?>
<coverage generated="1639711969904" clover="3.2.0">
  <project timestamp="1639711969904" name="All files">
    <metrics statements="22" coveredstatements="20" conditionals="4" coveredconditionals="1" methods="12" coveredmethods="10" elements="38" coveredelements="31" complexity="0" loc="22" ncloc="22" packages="1" files="3" classes="3"/>
    <file name="dataReader.js" path="/Users/alex/Projects/coding_assessement_DD/utils/dataReader.js">
      <metrics statements="6" coveredstatements="6" conditionals="0" coveredconditionals="0" methods="4" coveredmethods="4"/>
      <line num="5" count="3" type="stmt"/>
      <line num="9" count="3" type="stmt"/>
      <line num="10" count="3" type="stmt"/>
      <line num="11" count="3" type="stmt"/>
      <line num="12" count="2" type="stmt"/>
      <line num="16" count="1" type="stmt"/>
    </file>
    <file name="dataSorter.js" path="/Users/alex/Projects/coding_assessement_DD/utils/dataSorter.js">
      <metrics statements="9" coveredstatements="9" conditionals="2" coveredconditionals="1" methods="4" coveredmethods="3"/>
      <line num="4" count="1" type="stmt"/>
      <line num="5" count="8" type="stmt"/>
      <line num="10" count="1" type="stmt"/>
      <line num="11" count="8" type="stmt"/>
      <line num="12" count="8" type="stmt"/>
      <line num="13" count="8" type="stmt"/>
      <line num="14" count="8" type="stmt"/>
      <line num="16" count="8" type="cond" truecount="1" falsecount="1"/>
      <line num="22" count="1" type="stmt"/>
    </file>
    <file name="dataWriter.js" path="/Users/alex/Projects/coding_assessement_DD/utils/dataWriter.js">
      <metrics statements="7" coveredstatements="5" conditionals="2" coveredconditionals="0" methods="4" coveredmethods="3"/>
      <line num="5" count="1" type="stmt"/>
      <line num="9" count="1" type="stmt"/>
      <line num="10" count="1" type="stmt"/>
      <line num="11" count="1" type="stmt"/>
      <line num="12" count="0" type="cond" truecount="0" falsecount="2"/>
      <line num="13" count="0" type="stmt"/>
      <line num="16" count="1" type="stmt"/>
    </file>
  </project>
</coverage>
