{"/Users/alex/Projects/coding_assessement_DD/utils/dataReader.js": {"path":"/Users/alex/Projects/coding_assessement_DD/utils/dataReader.js","statementMap":{"0":{"start":{"line":5,"column":4},"end":{"line":5,"column":29}},"1":{"start":{"line":9,"column":4},"end":{"line":18,"column":7}},"2":{"start":{"line":10,"column":6},"end":{"line":17,"column":7}},"3":{"start":{"line":11,"column":8},"end":{"line":13,"column":11}},"4":{"start":{"line":12,"column":10},"end":{"line":12,"column":36}},"5":{"start":{"line":16,"column":8},"end":{"line":16,"column":60}}},"fnMap":{"0":{"name":"(anonymous_0)","decl":{"start":{"line":4,"column":2},"end":{"line":4,"column":3}},"loc":{"start":{"line":4,"column":24},"end":{"line":6,"column":3}},"line":4},"1":{"name":"(anonymous_1)","decl":{"start":{"line":8,"column":2},"end":{"line":8,"column":3}},"loc":{"start":{"line":8,"column":13},"end":{"line":19,"column":3}},"line":8},"2":{"name":"(anonymous_2)","decl":{"start":{"line":9,"column":23},"end":{"line":9,"column":24}},"loc":{"start":{"line":9,"column":44},"end":{"line":18,"column":5}},"line":9},"3":{"name":"(anonymous_3)","decl":{"start":{"line":11,"column":44},"end":{"line":11,"column":45}},"loc":{"start":{"line":11,"column":61},"end":{"line":13,"column":9}},"line":11}},"branchMap":{},"s":{"0":3,"1":3,"2":3,"3":3,"4":2,"5":1},"f":{"0":3,"1":3,"2":3,"3":2},"b":{},"_coverageSchema":"1a1c01bbd47fc00a2c39e90264f33305004495a9","hash":"640d12b1ce30081d8febe3a8bea1f4a8960fb7e4"}
,"/Users/alex/Projects/coding_assessement_DD/utils/dataSorter.js": {"path":"/Users/alex/Projects/coding_assessement_DD/utils/dataSorter.js","statementMap":{"0":{"start":{"line":4,"column":26},"end":{"line":8,"column":6}},"1":{"start":{"line":5,"column":4},"end":{"line":8,"column":6}},"2":{"start":{"line":10,"column":19},"end":{"line":19,"column":3}},"3":{"start":{"line":11,"column":19},"end":{"line":11,"column":31}},"4":{"start":{"line":12,"column":19},"end":{"line":12,"column":31}},"5":{"start":{"line":13,"column":18},"end":{"line":13,"column":43}},"6":{"start":{"line":14,"column":18},"end":{"line":14,"column":43}},"7":{"start":{"line":16,"column":4},"end":{"line":18,"column":42}},"8":{"start":{"line":22,"column":4},"end":{"line":22,"column":51}}},"fnMap":{"0":{"name":"(anonymous_0)","decl":{"start":{"line":2,"column":2},"end":{"line":2,"column":3}},"loc":{"start":{"line":2,"column":16},"end":{"line":2,"column":18}},"line":2},"1":{"name":"(anonymous_1)","decl":{"start":{"line":4,"column":26},"end":{"line":4,"column":27}},"loc":{"start":{"line":5,"column":4},"end":{"line":8,"column":6}},"line":5},"2":{"name":"(anonymous_2)","decl":{"start":{"line":10,"column":19},"end":{"line":10,"column":20}},"loc":{"start":{"line":10,"column":29},"end":{"line":19,"column":3}},"line":10},"3":{"name":"(anonymous_3)","decl":{"start":{"line":21,"column":2},"end":{"line":21,"column":3}},"loc":{"start":{"line":21,"column":27},"end":{"line":23,"column":3}},"line":21}},"branchMap":{"0":{"loc":{"start":{"line":16,"column":11},"end":{"line":18,"column":41}},"type":"cond-expr","locations":[{"start":{"line":17,"column":8},"end":{"line":17,"column":49}},{"start":{"line":18,"column":8},"end":{"line":18,"column":41}}],"line":16}},"s":{"0":1,"1":8,"2":1,"3":8,"4":8,"5":8,"6":8,"7":8,"8":1},"f":{"0":0,"1":8,"2":8,"3":1},"b":{"0":[0,8]},"_coverageSchema":"1a1c01bbd47fc00a2c39e90264f33305004495a9","hash":"691c79428ad19a3d7a9a8f6679a13b3e2637d041"}
,"/Users/alex/Projects/coding_assessement_DD/utils/dataWriter.js": {"path":"/Users/alex/Projects/coding_assessement_DD/utils/dataWriter.js","statementMap":{"0":{"start":{"line":5,"column":4},"end":{"line":5,"column":29}},"1":{"start":{"line":9,"column":4},"end":{"line":18,"column":7}},"2":{"start":{"line":10,"column":6},"end":{"line":17,"column":7}},"3":{"start":{"line":11,"column":8},"end":{"line":14,"column":11}},"4":{"start":{"line":12,"column":10},"end":{"line":12,"column":31}},"5":{"start":{"line":12,"column":19},"end":{"line":12,"column":31}},"6":{"start":{"line":13,"column":10},"end":{"line":13,"column":20}},"7":{"start":{"line":16,"column":8},"end":{"line":16,"column":62}}},"fnMap":{"0":{"name":"(anonymous_0)","decl":{"start":{"line":4,"column":2},"end":{"line":4,"column":3}},"loc":{"start":{"line":4,"column":24},"end":{"line":6,"column":3}},"line":4},"1":{"name":"(anonymous_1)","decl":{"start":{"line":8,"column":2},"end":{"line":8,"column":3}},"loc":{"start":{"line":8,"column":18},"end":{"line":19,"column":3}},"line":8},"2":{"name":"(anonymous_2)","decl":{"start":{"line":9,"column":23},"end":{"line":9,"column":24}},"loc":{"start":{"line":9,"column":44},"end":{"line":18,"column":5}},"line":9},"3":{"name":"(anonymous_3)","decl":{"start":{"line":11,"column":42},"end":{"line":11,"column":43}},"loc":{"start":{"line":11,"column":51},"end":{"line":14,"column":9}},"line":11}},"branchMap":{"0":{"loc":{"start":{"line":12,"column":10},"end":{"line":12,"column":31}},"type":"if","locations":[{"start":{"line":12,"column":10},"end":{"line":12,"column":31}},{"start":{},"end":{}}],"line":12}},"s":{"0":1,"1":1,"2":1,"3":1,"4":0,"5":0,"6":0,"7":1},"f":{"0":1,"1":1,"2":1,"3":0},"b":{"0":[0,0]},"_coverageSchema":"1a1c01bbd47fc00a2c39e90264f33305004495a9","hash":"6117c53539c87abca15665674e0fb596444c42c2"}
}
